{"/Users/ellinorstenhaug/Desktop/Utbildning/Nackademin/Javascript 4/Blogg/src/components/partials/BlogPosts.vue": {"path":"/Users/ellinorstenhaug/Desktop/Utbildning/Nackademin/Javascript 4/Blogg/src/components/partials/BlogPosts.vue","statementMap":{"0":{"start":{"line":10,"column":0},"end":{"line":10,"column":null}},"1":{"start":{"line":14,"column":0},"end":{"line":14,"column":null}}},"fnMap":{},"branchMap":{},"s":{"0":1,"1":1},"f":{},"b":{}}
,"/Users/ellinorstenhaug/Desktop/Utbildning/Nackademin/Javascript 4/Blogg/src/components/partials/CreateBlogPostForm.vue": {"path":"/Users/ellinorstenhaug/Desktop/Utbildning/Nackademin/Javascript 4/Blogg/src/components/partials/CreateBlogPostForm.vue","statementMap":{"0":{"start":{"line":36,"column":0},"end":{"line":36,"column":null}},"1":{"start":{"line":42,"column":0},"end":{"line":42,"column":null}},"2":{"start":{"line":64,"column":0},"end":{"line":68,"column":null}},"3":{"start":{"line":65,"column":0},"end":{"line":65,"column":null}},"4":{"start":{"line":67,"column":0},"end":{"line":67,"column":null}},"5":{"start":{"line":70,"column":0},"end":{"line":74,"column":null}},"6":{"start":{"line":71,"column":0},"end":{"line":71,"column":null}},"7":{"start":{"line":73,"column":0},"end":{"line":73,"column":null}},"8":{"start":{"line":76,"column":0},"end":{"line":80,"column":null}},"9":{"start":{"line":77,"column":0},"end":{"line":77,"column":null}},"10":{"start":{"line":79,"column":0},"end":{"line":79,"column":null}},"11":{"start":{"line":82,"column":0},"end":{"line":84,"column":null}},"12":{"start":{"line":83,"column":0},"end":{"line":83,"column":null}},"13":{"start":{"line":88,"column":0},"end":{"line":88,"column":null}},"14":{"start":{"line":89,"column":0},"end":{"line":89,"column":null}},"15":{"start":{"line":90,"column":0},"end":{"line":90,"column":null}},"16":{"start":{"line":91,"column":0},"end":{"line":91,"column":null}},"17":{"start":{"line":94,"column":0},"end":{"line":94,"column":null}},"18":{"start":{"line":98,"column":0},"end":{"line":98,"column":null}},"19":{"start":{"line":104,"column":0},"end":{"line":104,"column":null}}},"fnMap":{"0":{"name":"(anonymous_1)","decl":{"start":{"line":42,"column":0},"end":{"line":42,"column":null}},"loc":{"start":{"line":42,"column":0},"end":{"line":42,"column":null}}},"1":{"name":"(anonymous_2)","decl":{"start":{"line":62,"column":0},"end":{"line":62,"column":null}},"loc":{"start":{"line":62,"column":0},"end":{"line":85,"column":null}}},"2":{"name":"(anonymous_3)","decl":{"start":{"line":87,"column":0},"end":{"line":87,"column":null}},"loc":{"start":{"line":87,"column":0},"end":{"line":92,"column":null}}},"3":{"name":"(anonymous_4)","decl":{"start":{"line":93,"column":0},"end":{"line":93,"column":null}},"loc":{"start":{"line":93,"column":0},"end":{"line":95,"column":null}}},"4":{"name":"(anonymous_5)","decl":{"start":{"line":97,"column":0},"end":{"line":97,"column":null}},"loc":{"start":{"line":97,"column":0},"end":{"line":102,"column":null}}},"5":{"name":"(anonymous_6)","decl":{"start":{"line":103,"column":0},"end":{"line":103,"column":null}},"loc":{"start":{"line":103,"column":0},"end":{"line":114,"column":null}}}},"branchMap":{"0":{"loc":{"start":{"line":64,"column":0},"end":{"line":68,"column":null}},"type":"if","locations":[{"start":{"line":64,"column":0},"end":{"line":68,"column":null}},{"start":{"line":64,"column":0},"end":{"line":68,"column":null}}]},"1":{"loc":{"start":{"line":70,"column":0},"end":{"line":74,"column":null}},"type":"if","locations":[{"start":{"line":70,"column":0},"end":{"line":74,"column":null}},{"start":{"line":70,"column":0},"end":{"line":74,"column":null}}]},"2":{"loc":{"start":{"line":76,"column":0},"end":{"line":80,"column":null}},"type":"if","locations":[{"start":{"line":76,"column":0},"end":{"line":80,"column":null}},{"start":{"line":76,"column":0},"end":{"line":80,"column":null}}]},"3":{"loc":{"start":{"line":82,"column":0},"end":{"line":84,"column":null}},"type":"if","locations":[{"start":{"line":82,"column":0},"end":{"line":84,"column":null}},{"start":{"line":82,"column":0},"end":{"line":84,"column":null}}]},"4":{"loc":{"start":{"line":82,"column":0},"end":{"line":82,"column":null}},"type":"binary-expr","locations":[{"start":{"line":82,"column":0},"end":{"line":82,"column":null}},{"start":{"line":82,"column":0},"end":{"line":82,"column":null}},{"start":{"line":82,"column":0},"end":{"line":82,"column":null}}]}},"s":{"0":1,"1":2,"2":0,"3":0,"4":0,"5":0,"6":0,"7":0,"8":0,"9":0,"10":0,"11":0,"12":0,"13":0,"14":0,"15":0,"16":0,"17":0,"18":0,"19":0},"f":{"0":2,"1":0,"2":0,"3":0,"4":0,"5":0},"b":{"0":[0,0],"1":[0,0],"2":[0,0],"3":[0,0],"4":[0,0,0]}}
,"/Users/ellinorstenhaug/Desktop/Utbildning/Nackademin/Javascript 4/Blogg/src/components/partials/CreateComment.vue": {"path":"/Users/ellinorstenhaug/Desktop/Utbildning/Nackademin/Javascript 4/Blogg/src/components/partials/CreateComment.vue","statementMap":{"0":{"start":{"line":26,"column":0},"end":{"line":26,"column":null}},"1":{"start":{"line":32,"column":0},"end":{"line":32,"column":null}},"2":{"start":{"line":52,"column":0},"end":{"line":52,"column":null}},"3":{"start":{"line":54,"column":0},"end":{"line":54,"column":null}},"4":{"start":{"line":56,"column":0},"end":{"line":62,"column":null}},"5":{"start":{"line":57,"column":0},"end":{"line":57,"column":null}},"6":{"start":{"line":58,"column":0},"end":{"line":58,"column":null}},"7":{"start":{"line":61,"column":0},"end":{"line":61,"column":null}},"8":{"start":{"line":66,"column":0},"end":{"line":70,"column":null}},"9":{"start":{"line":67,"column":0},"end":{"line":67,"column":null}},"10":{"start":{"line":69,"column":0},"end":{"line":69,"column":null}},"11":{"start":{"line":74,"column":0},"end":{"line":74,"column":null}},"12":{"start":{"line":75,"column":0},"end":{"line":75,"column":null}},"13":{"start":{"line":76,"column":0},"end":{"line":76,"column":null}},"14":{"start":{"line":77,"column":0},"end":{"line":77,"column":null}},"15":{"start":{"line":82,"column":0},"end":{"line":82,"column":null}}},"fnMap":{"0":{"name":"(anonymous_1)","decl":{"start":{"line":32,"column":0},"end":{"line":32,"column":null}},"loc":{"start":{"line":32,"column":0},"end":{"line":32,"column":null}}},"1":{"name":"(anonymous_2)","decl":{"start":{"line":49,"column":0},"end":{"line":49,"column":null}},"loc":{"start":{"line":49,"column":0},"end":{"line":63,"column":null}}},"2":{"name":"(anonymous_3)","decl":{"start":{"line":65,"column":0},"end":{"line":65,"column":null}},"loc":{"start":{"line":65,"column":0},"end":{"line":71,"column":null}}},"3":{"name":"(anonymous_4)","decl":{"start":{"line":73,"column":0},"end":{"line":73,"column":null}},"loc":{"start":{"line":73,"column":0},"end":{"line":78,"column":null}}},"4":{"name":"(anonymous_5)","decl":{"start":{"line":81,"column":0},"end":{"line":81,"column":null}},"loc":{"start":{"line":81,"column":0},"end":{"line":86,"column":null}}}},"branchMap":{"0":{"loc":{"start":{"line":56,"column":0},"end":{"line":62,"column":null}},"type":"if","locations":[{"start":{"line":56,"column":0},"end":{"line":62,"column":null}},{"start":{"line":56,"column":0},"end":{"line":62,"column":null}}]},"1":{"loc":{"start":{"line":56,"column":0},"end":{"line":56,"column":null}},"type":"binary-expr","locations":[{"start":{"line":56,"column":0},"end":{"line":56,"column":null}},{"start":{"line":56,"column":0},"end":{"line":56,"column":null}}]},"2":{"loc":{"start":{"line":66,"column":0},"end":{"line":70,"column":null}},"type":"if","locations":[{"start":{"line":66,"column":0},"end":{"line":70,"column":null}},{"start":{"line":66,"column":0},"end":{"line":70,"column":null}}]}},"s":{"0":1,"1":7,"2":4,"3":4,"4":4,"5":0,"6":0,"7":4,"8":8,"9":5,"10":3,"11":0,"12":0,"13":0,"14":0,"15":0},"f":{"0":7,"1":4,"2":8,"3":0,"4":0},"b":{"0":[0,4],"1":[4,2],"2":[5,3]}}
}
