TN:
SF:/Users/ellinorstenhaug/Desktop/Utbildning/Nackademin/Javascript 4/Blogg/src/components/partials/BlogPostContent.vue
FNF:0
FNH:0
DA:11,1
LF:1
LH:1
BRF:0
BRH:0
end_of_record
TN:
SF:/Users/ellinorstenhaug/Desktop/Utbildning/Nackademin/Javascript 4/Blogg/src/components/partials/BlogPosts.vue
FNF:0
FNH:0
DA:8,1
DA:12,1
LF:2
LH:2
BRF:0
BRH:0
end_of_record
TN:
SF:/Users/ellinorstenhaug/Desktop/Utbildning/Nackademin/Javascript 4/Blogg/src/components/partials/Comments.vue
FNF:0
FNH:0
DA:14,1
LF:1
LH:1
BRF:0
BRH:0
end_of_record
TN:
SF:/Users/ellinorstenhaug/Desktop/Utbildning/Nackademin/Javascript 4/Blogg/src/components/partials/CreateComment.vue
FN:32,(anonymous_1)
FN:49,(anonymous_2)
FN:65,(anonymous_3)
FN:73,(anonymous_4)
FN:81,(anonymous_5)
FNF:5
FNH:3
FNDA:9,(anonymous_1)
FNDA:4,(anonymous_2)
FNDA:8,(anonymous_3)
FNDA:0,(anonymous_4)
FNDA:0,(anonymous_5)
DA:26,1
DA:32,9
DA:52,4
DA:54,4
DA:56,4
DA:57,0
DA:58,0
DA:61,4
DA:66,8
DA:67,5
DA:69,3
DA:74,0
DA:75,0
DA:76,0
DA:77,0
DA:82,0
LF:16
LH:9
BRDA:56,0,0,0
BRDA:56,0,1,4
BRDA:56,1,0,4
BRDA:56,1,1,2
BRDA:66,2,0,5
BRDA:66,2,1,3
BRF:6
BRH:5
end_of_record
TN:
SF:/Users/ellinorstenhaug/Desktop/Utbildning/Nackademin/Javascript 4/Blogg/src/views/CreateBlogPostForm.vue
FN:44,(anonymous_1)
FN:66,(anonymous_2)
FN:93,(anonymous_3)
FN:100,(anonymous_4)
FN:104,(anonymous_5)
FN:110,(anonymous_6)
FNF:6
FNH:1
FNDA:8,(anonymous_1)
FNDA:0,(anonymous_2)
FNDA:0,(anonymous_3)
FNDA:0,(anonymous_4)
FNDA:0,(anonymous_5)
FNDA:0,(anonymous_6)
DA:38,2
DA:44,8
DA:68,0
DA:69,0
DA:71,0
DA:74,0
DA:75,0
DA:77,0
DA:80,0
DA:81,0
DA:83,0
DA:86,0
DA:87,0
DA:89,0
DA:94,0
DA:95,0
DA:96,0
DA:97,0
DA:98,0
DA:101,0
DA:105,0
DA:111,0
LF:22
LH:2
BRDA:68,0,0,0
BRDA:68,0,1,0
BRDA:74,1,0,0
BRDA:74,1,1,0
BRDA:80,2,0,0
BRDA:80,2,1,0
BRDA:86,3,0,0
BRDA:86,3,1,0
BRDA:86,4,0,0
BRDA:86,4,1,0
BRDA:86,4,2,0
BRF:11
BRH:0
end_of_record
