TN:
SF:/Users/ellinorstenhaug/Desktop/Utbildning/Nackademin/Javascript 4/Blogg/src/App.vue
FN:22,(anonymous_1)
FNF:1
FNH:1
FNDA:1,(anonymous_1)
DA:10,1
DA:13,1
DA:23,1
LF:3
LH:3
BRF:0
BRH:0
end_of_record
TN:
SF:/Users/ellinorstenhaug/Desktop/Utbildning/Nackademin/Javascript 4/Blogg/src/components/layout/NavBar.vue
FNF:0
FNH:0
DA:13,1
LF:1
LH:1
BRF:0
BRH:0
end_of_record
TN:
SF:/Users/ellinorstenhaug/Desktop/Utbildning/Nackademin/Javascript 4/Blogg/src/components/layout/User.vue
FN:16,(anonymous_1)
FNF:1
FNH:1
FNDA:1,(anonymous_1)
DA:8,2
DA:17,1
LF:2
LH:2
BRF:0
BRH:0
end_of_record
TN:
SF:/Users/ellinorstenhaug/Desktop/Utbildning/Nackademin/Javascript 4/Blogg/src/components/partials/BlogPostContent.vue
FNF:0
FNH:0
DA:11,2
LF:1
LH:1
BRF:0
BRH:0
end_of_record
TN:
SF:/Users/ellinorstenhaug/Desktop/Utbildning/Nackademin/Javascript 4/Blogg/src/components/partials/BlogPosts.vue
FNF:0
FNH:0
DA:8,1
DA:12,1
LF:2
LH:2
BRF:0
BRH:0
end_of_record
TN:
SF:/Users/ellinorstenhaug/Desktop/Utbildning/Nackademin/Javascript 4/Blogg/src/components/partials/Comments.vue
FNF:0
FNH:0
DA:14,2
LF:1
LH:1
BRF:0
BRH:0
end_of_record
TN:
SF:/Users/ellinorstenhaug/Desktop/Utbildning/Nackademin/Javascript 4/Blogg/src/components/partials/CreateComment.vue
FN:32,(anonymous_1)
FN:49,(anonymous_2)
FN:65,(anonymous_3)
FN:73,(anonymous_4)
FN:81,(anonymous_5)
FNF:5
FNH:5
FNDA:16,(anonymous_1)
FNDA:5,(anonymous_2)
FNDA:12,(anonymous_3)
FNDA:2,(anonymous_4)
FNDA:3,(anonymous_5)
DA:26,2
DA:32,16
DA:52,5
DA:54,5
DA:56,5
DA:57,1
DA:58,1
DA:61,4
DA:66,12
DA:67,6
DA:69,6
DA:74,2
DA:75,2
DA:76,2
DA:77,2
DA:82,3
LF:16
LH:16
BRDA:56,0,0,1
BRDA:56,0,1,4
BRDA:56,1,0,5
BRDA:56,1,1,3
BRDA:66,2,0,6
BRDA:66,2,1,6
BRF:6
BRH:6
end_of_record
TN:
SF:/Users/ellinorstenhaug/Desktop/Utbildning/Nackademin/Javascript 4/Blogg/src/store/index.js
FN:54,(anonymous_0)
FN:58,(anonymous_1)
FN:61,(anonymous_2)
FN:66,(anonymous_3)
FN:81,(anonymous_4)
FN:82,(anonymous_5)
FN:92,(anonymous_6)
FN:96,(anonymous_7)
FN:107,(anonymous_8)
FN:108,(anonymous_9)
FN:116,(anonymous_10)
FNF:11
FNH:7
FNDA:0,(anonymous_0)
FNDA:0,(anonymous_1)
FNDA:0,(anonymous_2)
FNDA:0,(anonymous_3)
FNDA:1,(anonymous_4)
FNDA:1,(anonymous_5)
FNDA:1,(anonymous_6)
FNDA:1,(anonymous_7)
FNDA:1,(anonymous_8)
FNDA:1,(anonymous_9)
FNDA:1,(anonymous_10)
DA:4,1
DA:6,1
DA:53,1
DA:57,0
DA:59,0
DA:60,0
DA:62,0
DA:69,0
DA:71,0
DA:72,0
DA:74,0
DA:76,0
DA:77,0
DA:80,1
DA:82,1
DA:83,1
DA:84,1
DA:85,1
DA:86,1
DA:87,1
DA:93,1
DA:97,1
DA:98,1
DA:99,0
DA:100,0
DA:102,1
DA:103,1
DA:108,1
DA:109,1
DA:111,1
DA:112,1
DA:117,1
LF:32
LH:20
BRDA:71,0,0,0
BRDA:71,0,1,0
BRDA:83,1,0,1
BRDA:83,1,1,0
BRDA:98,2,0,0
BRDA:98,2,1,1
BRDA:102,3,0,1
BRDA:102,3,1,0
BRDA:111,4,0,1
BRDA:111,4,1,0
BRF:10
BRH:4
end_of_record
TN:
SF:/Users/ellinorstenhaug/Desktop/Utbildning/Nackademin/Javascript 4/Blogg/src/views/BlogPost.vue
FN:21,(anonymous_1)
FNF:1
FNH:1
FNDA:1,(anonymous_1)
DA:10,1
DA:11,1
DA:12,1
DA:13,1
DA:22,1
LF:5
LH:5
BRF:0
BRH:0
end_of_record
TN:
SF:/Users/ellinorstenhaug/Desktop/Utbildning/Nackademin/Javascript 4/Blogg/src/views/CreateBlogPostForm.vue
FN:44,(anonymous_1)
FN:66,(anonymous_2)
FN:96,(anonymous_3)
FN:102,(anonymous_4)
FN:106,(anonymous_5)
FN:112,(anonymous_6)
FNF:6
FNH:6
FNDA:16,(anonymous_1)
FNDA:3,(anonymous_2)
FNDA:2,(anonymous_3)
FNDA:2,(anonymous_4)
FNDA:4,(anonymous_5)
FNDA:3,(anonymous_6)
DA:38,1
DA:44,16
DA:68,3
DA:69,1
DA:71,2
DA:74,3
DA:75,1
DA:77,2
DA:80,3
DA:81,2
DA:83,1
DA:86,3
DA:87,1
DA:88,1
DA:90,1
DA:92,2
DA:97,2
DA:98,2
DA:99,2
DA:100,2
DA:103,2
DA:107,4
DA:113,3
LF:23
LH:23
BRDA:68,0,0,1
BRDA:68,0,1,2
BRDA:74,1,0,1
BRDA:74,1,1,2
BRDA:80,2,0,2
BRDA:80,2,1,1
BRDA:86,3,0,1
BRDA:86,3,1,2
BRDA:86,4,0,3
BRDA:86,4,1,2
BRDA:86,4,2,2
BRF:11
BRH:11
end_of_record
